[11-Apr-2019 23:13:12 America/Mexico_City] PHP Fatal error:  Uncaught Error: Class 'vendor\core\configure' not found in /var/www/html/franky-skeleton-application/modulos/base/loads/init.php:18
Stack trace:
#0 /var/www/html/franky-skeleton-application/index.php(3): require()
#1 {main}
  thrown in /var/www/html/franky-skeleton-application/modulos/base/loads/init.php on line 18
[11-Apr-2019 23:13:13 America/Mexico_City] PHP Fatal error:  Uncaught Error: Class 'vendor\core\configure' not found in /var/www/html/franky-skeleton-application/modulos/base/loads/init.php:18
Stack trace:
#0 /var/www/html/franky-skeleton-application/index.php(3): require()
#1 {main}
  thrown in /var/www/html/franky-skeleton-application/modulos/base/loads/init.php on line 18
[11-Apr-2019 23:14:23 America/Mexico_City] PHP Warning:  require(/var/www/html/franky-skeleton-application/modulos/base/loads/vendor/autoload.php): failed to open stream: No such file or directory in /var/www/html/franky-skeleton-application/modulos/base/loads/autoload.php on line 2
[11-Apr-2019 23:14:23 America/Mexico_City] PHP Stack trace:
[11-Apr-2019 23:14:23 America/Mexico_City] PHP   1. {main}() /var/www/html/franky-skeleton-application/index.php:0
[11-Apr-2019 23:14:23 America/Mexico_City] PHP   2. require() /var/www/html/franky-skeleton-application/index.php:3
[11-Apr-2019 23:14:23 America/Mexico_City] PHP   3. include_once() /var/www/html/franky-skeleton-application/modulos/base/loads/init.php:16
[11-Apr-2019 23:14:23 America/Mexico_City] PHP Fatal error:  require(): Failed opening required '/var/www/html/franky-skeleton-application/modulos/base/loads/vendor/autoload.php' (include_path='.:/usr/local/lib/php') in /var/www/html/franky-skeleton-application/modulos/base/loads/autoload.php on line 2
[11-Apr-2019 23:14:23 America/Mexico_City] PHP Stack trace:
[11-Apr-2019 23:14:23 America/Mexico_City] PHP   1. {main}() /var/www/html/franky-skeleton-application/index.php:0
[11-Apr-2019 23:14:23 America/Mexico_City] PHP   2. require() /var/www/html/franky-skeleton-application/index.php:3
[11-Apr-2019 23:14:23 America/Mexico_City] PHP   3. include_once() /var/www/html/franky-skeleton-application/modulos/base/loads/init.php:16
[11-Apr-2019 23:14:24 America/Mexico_City] PHP Warning:  require(/var/www/html/franky-skeleton-application/modulos/base/loads/vendor/autoload.php): failed to open stream: No such file or directory in /var/www/html/franky-skeleton-application/modulos/base/loads/autoload.php on line 2
[11-Apr-2019 23:14:24 America/Mexico_City] PHP Stack trace:
[11-Apr-2019 23:14:24 America/Mexico_City] PHP   1. {main}() /var/www/html/franky-skeleton-application/index.php:0
[11-Apr-2019 23:14:24 America/Mexico_City] PHP   2. require() /var/www/html/franky-skeleton-application/index.php:3
[11-Apr-2019 23:14:24 America/Mexico_City] PHP   3. include_once() /var/www/html/franky-skeleton-application/modulos/base/loads/init.php:16
[11-Apr-2019 23:14:24 America/Mexico_City] PHP Fatal error:  require(): Failed opening required '/var/www/html/franky-skeleton-application/modulos/base/loads/vendor/autoload.php' (include_path='.:/usr/local/lib/php') in /var/www/html/franky-skeleton-application/modulos/base/loads/autoload.php on line 2
[11-Apr-2019 23:14:24 America/Mexico_City] PHP Stack trace:
[11-Apr-2019 23:14:24 America/Mexico_City] PHP   1. {main}() /var/www/html/franky-skeleton-application/index.php:0
[11-Apr-2019 23:14:24 America/Mexico_City] PHP   2. require() /var/www/html/franky-skeleton-application/index.php:3
[11-Apr-2019 23:14:24 America/Mexico_City] PHP   3. include_once() /var/www/html/franky-skeleton-application/modulos/base/loads/init.php:16
[11-Apr-2019 23:14:40 America/Mexico_City] PHP Fatal error:  Uncaught Error: Class 'vendor\core\configure' not found in /var/www/html/franky-skeleton-application/modulos/base/loads/init.php:18
Stack trace:
#0 /var/www/html/franky-skeleton-application/index.php(3): require()
#1 {main}
  thrown in /var/www/html/franky-skeleton-application/modulos/base/loads/init.php on line 18
